CRITICAL - 2023-10-09 05:07:55 --> Invalid file: "backend/common/dheader.php"
in SYSTEMPATH\Exceptions\FrameworkException.php on line 39.
 1 SYSTEMPATH\View\View.php(214): CodeIgniter\Exceptions\FrameworkException::forInvalidFile('backend/common/dheader.php')
 2 SYSTEMPATH\View\View.php(242): CodeIgniter\View\View->render('backend/common/dheader', [], true)
 3 SYSTEMPATH\Common.php(1188): CodeIgniter\View\View->render('user_view', [], true)
 4 APPPATH\Controllers\UserCrud.php(11): view('user_view', [...])
 5 SYSTEMPATH\CodeIgniter.php(919): App\Controllers\UserCrud->index()
 6 SYSTEMPATH\CodeIgniter.php(494): CodeIgniter\CodeIgniter->runController(Object(App\Controllers\UserCrud))
 7 SYSTEMPATH\CodeIgniter.php(353): CodeIgniter\CodeIgniter->handleRequest(null, Object(Config\Cache), false)
 8 FCPATH\index.php(79): CodeIgniter\CodeIgniter->run()
 9 SYSTEMPATH\Commands\Server\rewrite.php(47): require_once('D:\\xampp\\htdocs\\codeigniter-mid_project\\public\\index.php')
CRITICAL - 2023-10-09 05:11:09 --> Invalid file: "backend/common/dheader.php"
in SYSTEMPATH\Exceptions\FrameworkException.php on line 39.
 1 SYSTEMPATH\View\View.php(214): CodeIgniter\Exceptions\FrameworkException::forInvalidFile('backend/common/dheader.php')
 2 SYSTEMPATH\View\View.php(242): CodeIgniter\View\View->render('backend/common/dheader', [], true)
 3 SYSTEMPATH\Common.php(1188): CodeIgniter\View\View->render('user_view', [], true)
 4 APPPATH\Controllers\UserCrud.php(11): view('user_view', [...])
 5 SYSTEMPATH\CodeIgniter.php(919): App\Controllers\UserCrud->index()
 6 SYSTEMPATH\CodeIgniter.php(494): CodeIgniter\CodeIgniter->runController(Object(App\Controllers\UserCrud))
 7 SYSTEMPATH\CodeIgniter.php(353): CodeIgniter\CodeIgniter->handleRequest(null, Object(Config\Cache), false)
 8 FCPATH\index.php(79): CodeIgniter\CodeIgniter->run()
 9 SYSTEMPATH\Commands\Server\rewrite.php(47): require_once('D:\\xampp\\htdocs\\codeigniter-mid_project\\public\\index.php')
CRITICAL - 2023-10-09 05:11:12 --> Invalid file: "backend/common/dheader.php"
in SYSTEMPATH\Exceptions\FrameworkException.php on line 39.
 1 SYSTEMPATH\View\View.php(214): CodeIgniter\Exceptions\FrameworkException::forInvalidFile('backend/common/dheader.php')
 2 SYSTEMPATH\View\View.php(242): CodeIgniter\View\View->render('backend/common/dheader', [], true)
 3 SYSTEMPATH\Common.php(1188): CodeIgniter\View\View->render('user_view', [], true)
 4 APPPATH\Controllers\UserCrud.php(11): view('user_view', [...])
 5 SYSTEMPATH\CodeIgniter.php(919): App\Controllers\UserCrud->index()
 6 SYSTEMPATH\CodeIgniter.php(494): CodeIgniter\CodeIgniter->runController(Object(App\Controllers\UserCrud))
 7 SYSTEMPATH\CodeIgniter.php(353): CodeIgniter\CodeIgniter->handleRequest(null, Object(Config\Cache), false)
 8 FCPATH\index.php(79): CodeIgniter\CodeIgniter->run()
 9 SYSTEMPATH\Commands\Server\rewrite.php(47): require_once('D:\\xampp\\htdocs\\codeigniter-mid_project\\public\\index.php')
CRITICAL - 2023-10-09 05:11:13 --> Invalid file: "backend/common/dheader.php"
in SYSTEMPATH\Exceptions\FrameworkException.php on line 39.
 1 SYSTEMPATH\View\View.php(214): CodeIgniter\Exceptions\FrameworkException::forInvalidFile('backend/common/dheader.php')
 2 SYSTEMPATH\View\View.php(242): CodeIgniter\View\View->render('backend/common/dheader', [], true)
 3 SYSTEMPATH\Common.php(1188): CodeIgniter\View\View->render('user_view', [], true)
 4 APPPATH\Controllers\UserCrud.php(11): view('user_view', [...])
 5 SYSTEMPATH\CodeIgniter.php(919): App\Controllers\UserCrud->index()
 6 SYSTEMPATH\CodeIgniter.php(494): CodeIgniter\CodeIgniter->runController(Object(App\Controllers\UserCrud))
 7 SYSTEMPATH\CodeIgniter.php(353): CodeIgniter\CodeIgniter->handleRequest(null, Object(Config\Cache), false)
 8 FCPATH\index.php(79): CodeIgniter\CodeIgniter->run()
 9 SYSTEMPATH\Commands\Server\rewrite.php(47): require_once('D:\\xampp\\htdocs\\codeigniter-mid_project\\public\\index.php')
CRITICAL - 2023-10-09 05:11:13 --> Invalid file: "backend/common/dheader.php"
in SYSTEMPATH\Exceptions\FrameworkException.php on line 39.
 1 SYSTEMPATH\View\View.php(214): CodeIgniter\Exceptions\FrameworkException::forInvalidFile('backend/common/dheader.php')
 2 SYSTEMPATH\View\View.php(242): CodeIgniter\View\View->render('backend/common/dheader', [], true)
 3 SYSTEMPATH\Common.php(1188): CodeIgniter\View\View->render('user_view', [], true)
 4 APPPATH\Controllers\UserCrud.php(11): view('user_view', [...])
 5 SYSTEMPATH\CodeIgniter.php(919): App\Controllers\UserCrud->index()
 6 SYSTEMPATH\CodeIgniter.php(494): CodeIgniter\CodeIgniter->runController(Object(App\Controllers\UserCrud))
 7 SYSTEMPATH\CodeIgniter.php(353): CodeIgniter\CodeIgniter->handleRequest(null, Object(Config\Cache), false)
 8 FCPATH\index.php(79): CodeIgniter\CodeIgniter->run()
 9 SYSTEMPATH\Commands\Server\rewrite.php(47): require_once('D:\\xampp\\htdocs\\codeigniter-mid_project\\public\\index.php')
CRITICAL - 2023-10-09 05:11:13 --> Invalid file: "backend/common/dheader.php"
in SYSTEMPATH\Exceptions\FrameworkException.php on line 39.
 1 SYSTEMPATH\View\View.php(214): CodeIgniter\Exceptions\FrameworkException::forInvalidFile('backend/common/dheader.php')
 2 SYSTEMPATH\View\View.php(242): CodeIgniter\View\View->render('backend/common/dheader', [], true)
 3 SYSTEMPATH\Common.php(1188): CodeIgniter\View\View->render('user_view', [], true)
 4 APPPATH\Controllers\UserCrud.php(11): view('user_view', [...])
 5 SYSTEMPATH\CodeIgniter.php(919): App\Controllers\UserCrud->index()
 6 SYSTEMPATH\CodeIgniter.php(494): CodeIgniter\CodeIgniter->runController(Object(App\Controllers\UserCrud))
 7 SYSTEMPATH\CodeIgniter.php(353): CodeIgniter\CodeIgniter->handleRequest(null, Object(Config\Cache), false)
 8 FCPATH\index.php(79): CodeIgniter\CodeIgniter->run()
 9 SYSTEMPATH\Commands\Server\rewrite.php(47): require_once('D:\\xampp\\htdocs\\codeigniter-mid_project\\public\\index.php')
CRITICAL - 2023-10-09 05:11:14 --> Invalid file: "backend/common/dheader.php"
in SYSTEMPATH\Exceptions\FrameworkException.php on line 39.
 1 SYSTEMPATH\View\View.php(214): CodeIgniter\Exceptions\FrameworkException::forInvalidFile('backend/common/dheader.php')
 2 SYSTEMPATH\View\View.php(242): CodeIgniter\View\View->render('backend/common/dheader', [], true)
 3 SYSTEMPATH\Common.php(1188): CodeIgniter\View\View->render('user_view', [], true)
 4 APPPATH\Controllers\UserCrud.php(11): view('user_view', [...])
 5 SYSTEMPATH\CodeIgniter.php(919): App\Controllers\UserCrud->index()
 6 SYSTEMPATH\CodeIgniter.php(494): CodeIgniter\CodeIgniter->runController(Object(App\Controllers\UserCrud))
 7 SYSTEMPATH\CodeIgniter.php(353): CodeIgniter\CodeIgniter->handleRequest(null, Object(Config\Cache), false)
 8 FCPATH\index.php(79): CodeIgniter\CodeIgniter->run()
 9 SYSTEMPATH\Commands\Server\rewrite.php(47): require_once('D:\\xampp\\htdocs\\codeigniter-mid_project\\public\\index.php')
CRITICAL - 2023-10-09 05:12:23 --> Invalid file: "backend/common/dheader.php"
in SYSTEMPATH\Exceptions\FrameworkException.php on line 39.
 1 SYSTEMPATH\View\View.php(214): CodeIgniter\Exceptions\FrameworkException::forInvalidFile('backend/common/dheader.php')
 2 SYSTEMPATH\View\View.php(242): CodeIgniter\View\View->render('backend/common/dheader', [], true)
 3 SYSTEMPATH\Common.php(1188): CodeIgniter\View\View->render('user_view', [], true)
 4 APPPATH\Controllers\UserCrud.php(11): view('user_view', [...])
 5 SYSTEMPATH\CodeIgniter.php(919): App\Controllers\UserCrud->index()
 6 SYSTEMPATH\CodeIgniter.php(494): CodeIgniter\CodeIgniter->runController(Object(App\Controllers\UserCrud))
 7 SYSTEMPATH\CodeIgniter.php(353): CodeIgniter\CodeIgniter->handleRequest(null, Object(Config\Cache), false)
 8 FCPATH\index.php(79): CodeIgniter\CodeIgniter->run()
 9 SYSTEMPATH\Commands\Server\rewrite.php(47): require_once('D:\\xampp\\htdocs\\codeigniter-mid_project\\public\\index.php')
ERROR - 2023-10-09 06:30:57 --> mysqli_sql_exception: Column 'name' cannot be null in D:\xampp\htdocs\codeigniter-mid_project\system\Database\MySQLi\Connection.php:306
Stack trace:
#0 D:\xampp\htdocs\codeigniter-mid_project\system\Database\MySQLi\Connection.php(306): mysqli->query('INSERT INTO `us...', 0)
#1 D:\xampp\htdocs\codeigniter-mid_project\system\Database\BaseConnection.php(692): CodeIgniter\Database\MySQLi\Connection->execute('INSERT INTO `us...')
#2 D:\xampp\htdocs\codeigniter-mid_project\system\Database\BaseConnection.php(606): CodeIgniter\Database\BaseConnection->simpleQuery('INSERT INTO `us...')
#3 D:\xampp\htdocs\codeigniter-mid_project\system\Database\BaseBuilder.php(2308): CodeIgniter\Database\BaseConnection->query('INSERT INTO `us...', Array, false)
#4 D:\xampp\htdocs\codeigniter-mid_project\system\Model.php(319): CodeIgniter\Database\BaseBuilder->insert()
#5 D:\xampp\htdocs\codeigniter-mid_project\system\BaseModel.php(788): CodeIgniter\Model->doInsert(Array)
#6 D:\xampp\htdocs\codeigniter-mid_project\system\Model.php(715): CodeIgniter\BaseModel->insert(Array, true)
#7 D:\xampp\htdocs\codeigniter-mid_project\app\Controllers\UserCrud.php(28): CodeIgniter\Model->insert(Array)
#8 D:\xampp\htdocs\codeigniter-mid_project\system\CodeIgniter.php(919): App\Controllers\UserCrud->store()
#9 D:\xampp\htdocs\codeigniter-mid_project\system\CodeIgniter.php(494): CodeIgniter\CodeIgniter->runController(Object(App\Controllers\UserCrud))
#10 D:\xampp\htdocs\codeigniter-mid_project\system\CodeIgniter.php(353): CodeIgniter\CodeIgniter->handleRequest(NULL, Object(Config\Cache), false)
#11 D:\xampp\htdocs\codeigniter-mid_project\public\index.php(79): CodeIgniter\CodeIgniter->run()
#12 D:\xampp\htdocs\codeigniter-mid_project\system\Commands\Server\rewrite.php(47): require_once('D:\\xampp\\htdocs...')
#13 {main}
CRITICAL - 2023-10-09 06:30:57 --> Column 'name' cannot be null
in SYSTEMPATH\Database\BaseConnection.php on line 646.
 1 SYSTEMPATH\Database\BaseBuilder.php(2308): CodeIgniter\Database\BaseConnection->query('INSERT INTO `users` (`name`, `email`, `phone`, `age`, `address`) VALUES (:name:, :email:, :phone:, :age:, :address:)', [...], false)
 2 SYSTEMPATH\Model.php(319): CodeIgniter\Database\BaseBuilder->insert()
 3 SYSTEMPATH\BaseModel.php(788): CodeIgniter\Model->doInsert([...])
 4 SYSTEMPATH\Model.php(715): CodeIgniter\BaseModel->insert([...], true)
 5 APPPATH\Controllers\UserCrud.php(28): CodeIgniter\Model->insert([...])
 6 SYSTEMPATH\CodeIgniter.php(919): App\Controllers\UserCrud->store()
 7 SYSTEMPATH\CodeIgniter.php(494): CodeIgniter\CodeIgniter->runController(Object(App\Controllers\UserCrud))
 8 SYSTEMPATH\CodeIgniter.php(353): CodeIgniter\CodeIgniter->handleRequest(null, Object(Config\Cache), false)
 9 FCPATH\index.php(79): CodeIgniter\CodeIgniter->run()
10 SYSTEMPATH\Commands\Server\rewrite.php(47): require_once('D:\\xampp\\htdocs\\codeigniter-mid_project\\public\\index.php')
ERROR - 2023-10-09 06:34:03 --> mysqli_sql_exception: Column 'email' cannot be null in D:\xampp\htdocs\codeigniter-mid_project\system\Database\MySQLi\Connection.php:306
Stack trace:
#0 D:\xampp\htdocs\codeigniter-mid_project\system\Database\MySQLi\Connection.php(306): mysqli->query('INSERT INTO `us...', 0)
#1 D:\xampp\htdocs\codeigniter-mid_project\system\Database\BaseConnection.php(692): CodeIgniter\Database\MySQLi\Connection->execute('INSERT INTO `us...')
#2 D:\xampp\htdocs\codeigniter-mid_project\system\Database\BaseConnection.php(606): CodeIgniter\Database\BaseConnection->simpleQuery('INSERT INTO `us...')
#3 D:\xampp\htdocs\codeigniter-mid_project\system\Database\BaseBuilder.php(2308): CodeIgniter\Database\BaseConnection->query('INSERT INTO `us...', Array, false)
#4 D:\xampp\htdocs\codeigniter-mid_project\system\Model.php(319): CodeIgniter\Database\BaseBuilder->insert()
#5 D:\xampp\htdocs\codeigniter-mid_project\system\BaseModel.php(788): CodeIgniter\Model->doInsert(Array)
#6 D:\xampp\htdocs\codeigniter-mid_project\system\Model.php(715): CodeIgniter\BaseModel->insert(Array, true)
#7 D:\xampp\htdocs\codeigniter-mid_project\app\Controllers\UserCrud.php(28): CodeIgniter\Model->insert(Array)
#8 D:\xampp\htdocs\codeigniter-mid_project\system\CodeIgniter.php(919): App\Controllers\UserCrud->store()
#9 D:\xampp\htdocs\codeigniter-mid_project\system\CodeIgniter.php(494): CodeIgniter\CodeIgniter->runController(Object(App\Controllers\UserCrud))
#10 D:\xampp\htdocs\codeigniter-mid_project\system\CodeIgniter.php(353): CodeIgniter\CodeIgniter->handleRequest(NULL, Object(Config\Cache), false)
#11 D:\xampp\htdocs\codeigniter-mid_project\public\index.php(79): CodeIgniter\CodeIgniter->run()
#12 D:\xampp\htdocs\codeigniter-mid_project\system\Commands\Server\rewrite.php(47): require_once('D:\\xampp\\htdocs...')
#13 {main}
CRITICAL - 2023-10-09 06:34:03 --> Column 'email' cannot be null
in SYSTEMPATH\Database\BaseConnection.php on line 646.
 1 SYSTEMPATH\Database\BaseBuilder.php(2308): CodeIgniter\Database\BaseConnection->query('INSERT INTO `users` (`name`, `email`, `phone`, `age`, `address`) VALUES (:name:, :email:, :phone:, :age:, :address:)', [...], false)
 2 SYSTEMPATH\Model.php(319): CodeIgniter\Database\BaseBuilder->insert()
 3 SYSTEMPATH\BaseModel.php(788): CodeIgniter\Model->doInsert([...])
 4 SYSTEMPATH\Model.php(715): CodeIgniter\BaseModel->insert([...], true)
 5 APPPATH\Controllers\UserCrud.php(28): CodeIgniter\Model->insert([...])
 6 SYSTEMPATH\CodeIgniter.php(919): App\Controllers\UserCrud->store()
 7 SYSTEMPATH\CodeIgniter.php(494): CodeIgniter\CodeIgniter->runController(Object(App\Controllers\UserCrud))
 8 SYSTEMPATH\CodeIgniter.php(353): CodeIgniter\CodeIgniter->handleRequest(null, Object(Config\Cache), false)
 9 FCPATH\index.php(79): CodeIgniter\CodeIgniter->run()
10 SYSTEMPATH\Commands\Server\rewrite.php(47): require_once('D:\\xampp\\htdocs\\codeigniter-mid_project\\public\\index.php')
ERROR - 2023-10-09 06:34:04 --> mysqli_sql_exception: Column 'email' cannot be null in D:\xampp\htdocs\codeigniter-mid_project\system\Database\MySQLi\Connection.php:306
Stack trace:
#0 D:\xampp\htdocs\codeigniter-mid_project\system\Database\MySQLi\Connection.php(306): mysqli->query('INSERT INTO `us...', 0)
#1 D:\xampp\htdocs\codeigniter-mid_project\system\Database\BaseConnection.php(692): CodeIgniter\Database\MySQLi\Connection->execute('INSERT INTO `us...')
#2 D:\xampp\htdocs\codeigniter-mid_project\system\Database\BaseConnection.php(606): CodeIgniter\Database\BaseConnection->simpleQuery('INSERT INTO `us...')
#3 D:\xampp\htdocs\codeigniter-mid_project\system\Database\BaseBuilder.php(2308): CodeIgniter\Database\BaseConnection->query('INSERT INTO `us...', Array, false)
#4 D:\xampp\htdocs\codeigniter-mid_project\system\Model.php(319): CodeIgniter\Database\BaseBuilder->insert()
#5 D:\xampp\htdocs\codeigniter-mid_project\system\BaseModel.php(788): CodeIgniter\Model->doInsert(Array)
#6 D:\xampp\htdocs\codeigniter-mid_project\system\Model.php(715): CodeIgniter\BaseModel->insert(Array, true)
#7 D:\xampp\htdocs\codeigniter-mid_project\app\Controllers\UserCrud.php(28): CodeIgniter\Model->insert(Array)
#8 D:\xampp\htdocs\codeigniter-mid_project\system\CodeIgniter.php(919): App\Controllers\UserCrud->store()
#9 D:\xampp\htdocs\codeigniter-mid_project\system\CodeIgniter.php(494): CodeIgniter\CodeIgniter->runController(Object(App\Controllers\UserCrud))
#10 D:\xampp\htdocs\codeigniter-mid_project\system\CodeIgniter.php(353): CodeIgniter\CodeIgniter->handleRequest(NULL, Object(Config\Cache), false)
#11 D:\xampp\htdocs\codeigniter-mid_project\public\index.php(79): CodeIgniter\CodeIgniter->run()
#12 D:\xampp\htdocs\codeigniter-mid_project\system\Commands\Server\rewrite.php(47): require_once('D:\\xampp\\htdocs...')
#13 {main}
CRITICAL - 2023-10-09 06:34:04 --> Column 'email' cannot be null
in SYSTEMPATH\Database\BaseConnection.php on line 646.
 1 SYSTEMPATH\Database\BaseBuilder.php(2308): CodeIgniter\Database\BaseConnection->query('INSERT INTO `users` (`name`, `email`, `phone`, `age`, `address`) VALUES (:name:, :email:, :phone:, :age:, :address:)', [...], false)
 2 SYSTEMPATH\Model.php(319): CodeIgniter\Database\BaseBuilder->insert()
 3 SYSTEMPATH\BaseModel.php(788): CodeIgniter\Model->doInsert([...])
 4 SYSTEMPATH\Model.php(715): CodeIgniter\BaseModel->insert([...], true)
 5 APPPATH\Controllers\UserCrud.php(28): CodeIgniter\Model->insert([...])
 6 SYSTEMPATH\CodeIgniter.php(919): App\Controllers\UserCrud->store()
 7 SYSTEMPATH\CodeIgniter.php(494): CodeIgniter\CodeIgniter->runController(Object(App\Controllers\UserCrud))
 8 SYSTEMPATH\CodeIgniter.php(353): CodeIgniter\CodeIgniter->handleRequest(null, Object(Config\Cache), false)
 9 FCPATH\index.php(79): CodeIgniter\CodeIgniter->run()
10 SYSTEMPATH\Commands\Server\rewrite.php(47): require_once('D:\\xampp\\htdocs\\codeigniter-mid_project\\public\\index.php')
ERROR - 2023-10-09 06:34:58 --> mysqli_sql_exception: Column 'email' cannot be null in D:\xampp\htdocs\codeigniter-mid_project\system\Database\MySQLi\Connection.php:306
Stack trace:
#0 D:\xampp\htdocs\codeigniter-mid_project\system\Database\MySQLi\Connection.php(306): mysqli->query('INSERT INTO `us...', 0)
#1 D:\xampp\htdocs\codeigniter-mid_project\system\Database\BaseConnection.php(692): CodeIgniter\Database\MySQLi\Connection->execute('INSERT INTO `us...')
#2 D:\xampp\htdocs\codeigniter-mid_project\system\Database\BaseConnection.php(606): CodeIgniter\Database\BaseConnection->simpleQuery('INSERT INTO `us...')
#3 D:\xampp\htdocs\codeigniter-mid_project\system\Database\BaseBuilder.php(2308): CodeIgniter\Database\BaseConnection->query('INSERT INTO `us...', Array, false)
#4 D:\xampp\htdocs\codeigniter-mid_project\system\Model.php(319): CodeIgniter\Database\BaseBuilder->insert()
#5 D:\xampp\htdocs\codeigniter-mid_project\system\BaseModel.php(788): CodeIgniter\Model->doInsert(Array)
#6 D:\xampp\htdocs\codeigniter-mid_project\system\Model.php(715): CodeIgniter\BaseModel->insert(Array, true)
#7 D:\xampp\htdocs\codeigniter-mid_project\app\Controllers\UserCrud.php(28): CodeIgniter\Model->insert(Array)
#8 D:\xampp\htdocs\codeigniter-mid_project\system\CodeIgniter.php(919): App\Controllers\UserCrud->store()
#9 D:\xampp\htdocs\codeigniter-mid_project\system\CodeIgniter.php(494): CodeIgniter\CodeIgniter->runController(Object(App\Controllers\UserCrud))
#10 D:\xampp\htdocs\codeigniter-mid_project\system\CodeIgniter.php(353): CodeIgniter\CodeIgniter->handleRequest(NULL, Object(Config\Cache), false)
#11 D:\xampp\htdocs\codeigniter-mid_project\public\index.php(79): CodeIgniter\CodeIgniter->run()
#12 D:\xampp\htdocs\codeigniter-mid_project\system\Commands\Server\rewrite.php(47): require_once('D:\\xampp\\htdocs...')
#13 {main}
CRITICAL - 2023-10-09 06:34:58 --> Column 'email' cannot be null
in SYSTEMPATH\Database\BaseConnection.php on line 646.
 1 SYSTEMPATH\Database\BaseBuilder.php(2308): CodeIgniter\Database\BaseConnection->query('INSERT INTO `users` (`name`, `email`, `phone`, `age`, `address`) VALUES (:name:, :email:, :phone:, :age:, :address:)', [...], false)
 2 SYSTEMPATH\Model.php(319): CodeIgniter\Database\BaseBuilder->insert()
 3 SYSTEMPATH\BaseModel.php(788): CodeIgniter\Model->doInsert([...])
 4 SYSTEMPATH\Model.php(715): CodeIgniter\BaseModel->insert([...], true)
 5 APPPATH\Controllers\UserCrud.php(28): CodeIgniter\Model->insert([...])
 6 SYSTEMPATH\CodeIgniter.php(919): App\Controllers\UserCrud->store()
 7 SYSTEMPATH\CodeIgniter.php(494): CodeIgniter\CodeIgniter->runController(Object(App\Controllers\UserCrud))
 8 SYSTEMPATH\CodeIgniter.php(353): CodeIgniter\CodeIgniter->handleRequest(null, Object(Config\Cache), false)
 9 FCPATH\index.php(79): CodeIgniter\CodeIgniter->run()
10 SYSTEMPATH\Commands\Server\rewrite.php(47): require_once('D:\\xampp\\htdocs\\codeigniter-mid_project\\public\\index.php')
ERROR - 2023-10-09 06:35:38 --> mysqli_sql_exception: Column 'email' cannot be null in D:\xampp\htdocs\codeigniter-mid_project\system\Database\MySQLi\Connection.php:306
Stack trace:
#0 D:\xampp\htdocs\codeigniter-mid_project\system\Database\MySQLi\Connection.php(306): mysqli->query('INSERT INTO `us...', 0)
#1 D:\xampp\htdocs\codeigniter-mid_project\system\Database\BaseConnection.php(692): CodeIgniter\Database\MySQLi\Connection->execute('INSERT INTO `us...')
#2 D:\xampp\htdocs\codeigniter-mid_project\system\Database\BaseConnection.php(606): CodeIgniter\Database\BaseConnection->simpleQuery('INSERT INTO `us...')
#3 D:\xampp\htdocs\codeigniter-mid_project\system\Database\BaseBuilder.php(2308): CodeIgniter\Database\BaseConnection->query('INSERT INTO `us...', Array, false)
#4 D:\xampp\htdocs\codeigniter-mid_project\system\Model.php(319): CodeIgniter\Database\BaseBuilder->insert()
#5 D:\xampp\htdocs\codeigniter-mid_project\system\BaseModel.php(788): CodeIgniter\Model->doInsert(Array)
#6 D:\xampp\htdocs\codeigniter-mid_project\system\Model.php(715): CodeIgniter\BaseModel->insert(Array, true)
#7 D:\xampp\htdocs\codeigniter-mid_project\app\Controllers\UserCrud.php(28): CodeIgniter\Model->insert(Array)
#8 D:\xampp\htdocs\codeigniter-mid_project\system\CodeIgniter.php(919): App\Controllers\UserCrud->store()
#9 D:\xampp\htdocs\codeigniter-mid_project\system\CodeIgniter.php(494): CodeIgniter\CodeIgniter->runController(Object(App\Controllers\UserCrud))
#10 D:\xampp\htdocs\codeigniter-mid_project\system\CodeIgniter.php(353): CodeIgniter\CodeIgniter->handleRequest(NULL, Object(Config\Cache), false)
#11 D:\xampp\htdocs\codeigniter-mid_project\public\index.php(79): CodeIgniter\CodeIgniter->run()
#12 D:\xampp\htdocs\codeigniter-mid_project\system\Commands\Server\rewrite.php(47): require_once('D:\\xampp\\htdocs...')
#13 {main}
CRITICAL - 2023-10-09 06:35:38 --> Column 'email' cannot be null
in SYSTEMPATH\Database\BaseConnection.php on line 646.
 1 SYSTEMPATH\Database\BaseBuilder.php(2308): CodeIgniter\Database\BaseConnection->query('INSERT INTO `users` (`name`, `email`, `phone`, `age`, `address`) VALUES (:name:, :email:, :phone:, :age:, :address:)', [...], false)
 2 SYSTEMPATH\Model.php(319): CodeIgniter\Database\BaseBuilder->insert()
 3 SYSTEMPATH\BaseModel.php(788): CodeIgniter\Model->doInsert([...])
 4 SYSTEMPATH\Model.php(715): CodeIgniter\BaseModel->insert([...], true)
 5 APPPATH\Controllers\UserCrud.php(28): CodeIgniter\Model->insert([...])
 6 SYSTEMPATH\CodeIgniter.php(919): App\Controllers\UserCrud->store()
 7 SYSTEMPATH\CodeIgniter.php(494): CodeIgniter\CodeIgniter->runController(Object(App\Controllers\UserCrud))
 8 SYSTEMPATH\CodeIgniter.php(353): CodeIgniter\CodeIgniter->handleRequest(null, Object(Config\Cache), false)
 9 FCPATH\index.php(79): CodeIgniter\CodeIgniter->run()
10 SYSTEMPATH\Commands\Server\rewrite.php(47): require_once('D:\\xampp\\htdocs\\codeigniter-mid_project\\public\\index.php')
ERROR - 2023-10-09 06:35:39 --> mysqli_sql_exception: Column 'email' cannot be null in D:\xampp\htdocs\codeigniter-mid_project\system\Database\MySQLi\Connection.php:306
Stack trace:
#0 D:\xampp\htdocs\codeigniter-mid_project\system\Database\MySQLi\Connection.php(306): mysqli->query('INSERT INTO `us...', 0)
#1 D:\xampp\htdocs\codeigniter-mid_project\system\Database\BaseConnection.php(692): CodeIgniter\Database\MySQLi\Connection->execute('INSERT INTO `us...')
#2 D:\xampp\htdocs\codeigniter-mid_project\system\Database\BaseConnection.php(606): CodeIgniter\Database\BaseConnection->simpleQuery('INSERT INTO `us...')
#3 D:\xampp\htdocs\codeigniter-mid_project\system\Database\BaseBuilder.php(2308): CodeIgniter\Database\BaseConnection->query('INSERT INTO `us...', Array, false)
#4 D:\xampp\htdocs\codeigniter-mid_project\system\Model.php(319): CodeIgniter\Database\BaseBuilder->insert()
#5 D:\xampp\htdocs\codeigniter-mid_project\system\BaseModel.php(788): CodeIgniter\Model->doInsert(Array)
#6 D:\xampp\htdocs\codeigniter-mid_project\system\Model.php(715): CodeIgniter\BaseModel->insert(Array, true)
#7 D:\xampp\htdocs\codeigniter-mid_project\app\Controllers\UserCrud.php(28): CodeIgniter\Model->insert(Array)
#8 D:\xampp\htdocs\codeigniter-mid_project\system\CodeIgniter.php(919): App\Controllers\UserCrud->store()
#9 D:\xampp\htdocs\codeigniter-mid_project\system\CodeIgniter.php(494): CodeIgniter\CodeIgniter->runController(Object(App\Controllers\UserCrud))
#10 D:\xampp\htdocs\codeigniter-mid_project\system\CodeIgniter.php(353): CodeIgniter\CodeIgniter->handleRequest(NULL, Object(Config\Cache), false)
#11 D:\xampp\htdocs\codeigniter-mid_project\public\index.php(79): CodeIgniter\CodeIgniter->run()
#12 D:\xampp\htdocs\codeigniter-mid_project\system\Commands\Server\rewrite.php(47): require_once('D:\\xampp\\htdocs...')
#13 {main}
CRITICAL - 2023-10-09 06:35:39 --> Column 'email' cannot be null
in SYSTEMPATH\Database\BaseConnection.php on line 646.
 1 SYSTEMPATH\Database\BaseBuilder.php(2308): CodeIgniter\Database\BaseConnection->query('INSERT INTO `users` (`name`, `email`, `phone`, `age`, `address`) VALUES (:name:, :email:, :phone:, :age:, :address:)', [...], false)
 2 SYSTEMPATH\Model.php(319): CodeIgniter\Database\BaseBuilder->insert()
 3 SYSTEMPATH\BaseModel.php(788): CodeIgniter\Model->doInsert([...])
 4 SYSTEMPATH\Model.php(715): CodeIgniter\BaseModel->insert([...], true)
 5 APPPATH\Controllers\UserCrud.php(28): CodeIgniter\Model->insert([...])
 6 SYSTEMPATH\CodeIgniter.php(919): App\Controllers\UserCrud->store()
 7 SYSTEMPATH\CodeIgniter.php(494): CodeIgniter\CodeIgniter->runController(Object(App\Controllers\UserCrud))
 8 SYSTEMPATH\CodeIgniter.php(353): CodeIgniter\CodeIgniter->handleRequest(null, Object(Config\Cache), false)
 9 FCPATH\index.php(79): CodeIgniter\CodeIgniter->run()
10 SYSTEMPATH\Commands\Server\rewrite.php(47): require_once('D:\\xampp\\htdocs\\codeigniter-mid_project\\public\\index.php')
ERROR - 2023-10-09 06:35:39 --> mysqli_sql_exception: Column 'email' cannot be null in D:\xampp\htdocs\codeigniter-mid_project\system\Database\MySQLi\Connection.php:306
Stack trace:
#0 D:\xampp\htdocs\codeigniter-mid_project\system\Database\MySQLi\Connection.php(306): mysqli->query('INSERT INTO `us...', 0)
#1 D:\xampp\htdocs\codeigniter-mid_project\system\Database\BaseConnection.php(692): CodeIgniter\Database\MySQLi\Connection->execute('INSERT INTO `us...')
#2 D:\xampp\htdocs\codeigniter-mid_project\system\Database\BaseConnection.php(606): CodeIgniter\Database\BaseConnection->simpleQuery('INSERT INTO `us...')
#3 D:\xampp\htdocs\codeigniter-mid_project\system\Database\BaseBuilder.php(2308): CodeIgniter\Database\BaseConnection->query('INSERT INTO `us...', Array, false)
#4 D:\xampp\htdocs\codeigniter-mid_project\system\Model.php(319): CodeIgniter\Database\BaseBuilder->insert()
#5 D:\xampp\htdocs\codeigniter-mid_project\system\BaseModel.php(788): CodeIgniter\Model->doInsert(Array)
#6 D:\xampp\htdocs\codeigniter-mid_project\system\Model.php(715): CodeIgniter\BaseModel->insert(Array, true)
#7 D:\xampp\htdocs\codeigniter-mid_project\app\Controllers\UserCrud.php(28): CodeIgniter\Model->insert(Array)
#8 D:\xampp\htdocs\codeigniter-mid_project\system\CodeIgniter.php(919): App\Controllers\UserCrud->store()
#9 D:\xampp\htdocs\codeigniter-mid_project\system\CodeIgniter.php(494): CodeIgniter\CodeIgniter->runController(Object(App\Controllers\UserCrud))
#10 D:\xampp\htdocs\codeigniter-mid_project\system\CodeIgniter.php(353): CodeIgniter\CodeIgniter->handleRequest(NULL, Object(Config\Cache), false)
#11 D:\xampp\htdocs\codeigniter-mid_project\public\index.php(79): CodeIgniter\CodeIgniter->run()
#12 D:\xampp\htdocs\codeigniter-mid_project\system\Commands\Server\rewrite.php(47): require_once('D:\\xampp\\htdocs...')
#13 {main}
CRITICAL - 2023-10-09 06:35:39 --> Column 'email' cannot be null
in SYSTEMPATH\Database\BaseConnection.php on line 646.
 1 SYSTEMPATH\Database\BaseBuilder.php(2308): CodeIgniter\Database\BaseConnection->query('INSERT INTO `users` (`name`, `email`, `phone`, `age`, `address`) VALUES (:name:, :email:, :phone:, :age:, :address:)', [...], false)
 2 SYSTEMPATH\Model.php(319): CodeIgniter\Database\BaseBuilder->insert()
 3 SYSTEMPATH\BaseModel.php(788): CodeIgniter\Model->doInsert([...])
 4 SYSTEMPATH\Model.php(715): CodeIgniter\BaseModel->insert([...], true)
 5 APPPATH\Controllers\UserCrud.php(28): CodeIgniter\Model->insert([...])
 6 SYSTEMPATH\CodeIgniter.php(919): App\Controllers\UserCrud->store()
 7 SYSTEMPATH\CodeIgniter.php(494): CodeIgniter\CodeIgniter->runController(Object(App\Controllers\UserCrud))
 8 SYSTEMPATH\CodeIgniter.php(353): CodeIgniter\CodeIgniter->handleRequest(null, Object(Config\Cache), false)
 9 FCPATH\index.php(79): CodeIgniter\CodeIgniter->run()
10 SYSTEMPATH\Commands\Server\rewrite.php(47): require_once('D:\\xampp\\htdocs\\codeigniter-mid_project\\public\\index.php')
ERROR - 2023-10-09 06:47:19 --> mysqli_sql_exception: Column 'email' cannot be null in D:\xampp\htdocs\codeigniter-mid_project\system\Database\MySQLi\Connection.php:306
Stack trace:
#0 D:\xampp\htdocs\codeigniter-mid_project\system\Database\MySQLi\Connection.php(306): mysqli->query('INSERT INTO `us...', 0)
#1 D:\xampp\htdocs\codeigniter-mid_project\system\Database\BaseConnection.php(692): CodeIgniter\Database\MySQLi\Connection->execute('INSERT INTO `us...')
#2 D:\xampp\htdocs\codeigniter-mid_project\system\Database\BaseConnection.php(606): CodeIgniter\Database\BaseConnection->simpleQuery('INSERT INTO `us...')
#3 D:\xampp\htdocs\codeigniter-mid_project\system\Database\BaseBuilder.php(2308): CodeIgniter\Database\BaseConnection->query('INSERT INTO `us...', Array, false)
#4 D:\xampp\htdocs\codeigniter-mid_project\system\Model.php(319): CodeIgniter\Database\BaseBuilder->insert()
#5 D:\xampp\htdocs\codeigniter-mid_project\system\BaseModel.php(788): CodeIgniter\Model->doInsert(Array)
#6 D:\xampp\htdocs\codeigniter-mid_project\system\Model.php(715): CodeIgniter\BaseModel->insert(Array, true)
#7 D:\xampp\htdocs\codeigniter-mid_project\app\Controllers\UserCrud.php(28): CodeIgniter\Model->insert(Array)
#8 D:\xampp\htdocs\codeigniter-mid_project\system\CodeIgniter.php(919): App\Controllers\UserCrud->store()
#9 D:\xampp\htdocs\codeigniter-mid_project\system\CodeIgniter.php(494): CodeIgniter\CodeIgniter->runController(Object(App\Controllers\UserCrud))
#10 D:\xampp\htdocs\codeigniter-mid_project\system\CodeIgniter.php(353): CodeIgniter\CodeIgniter->handleRequest(NULL, Object(Config\Cache), false)
#11 D:\xampp\htdocs\codeigniter-mid_project\public\index.php(79): CodeIgniter\CodeIgniter->run()
#12 {main}
CRITICAL - 2023-10-09 06:47:19 --> Column 'email' cannot be null
in SYSTEMPATH\Database\BaseConnection.php on line 646.
 1 SYSTEMPATH\Database\BaseBuilder.php(2308): CodeIgniter\Database\BaseConnection->query('INSERT INTO `users` (`name`, `email`, `phone`, `age`, `address`) VALUES (:name:, :email:, :phone:, :age:, :address:)', [...], false)
 2 SYSTEMPATH\Model.php(319): CodeIgniter\Database\BaseBuilder->insert()
 3 SYSTEMPATH\BaseModel.php(788): CodeIgniter\Model->doInsert([...])
 4 SYSTEMPATH\Model.php(715): CodeIgniter\BaseModel->insert([...], true)
 5 APPPATH\Controllers\UserCrud.php(28): CodeIgniter\Model->insert([...])
 6 SYSTEMPATH\CodeIgniter.php(919): App\Controllers\UserCrud->store()
 7 SYSTEMPATH\CodeIgniter.php(494): CodeIgniter\CodeIgniter->runController(Object(App\Controllers\UserCrud))
 8 SYSTEMPATH\CodeIgniter.php(353): CodeIgniter\CodeIgniter->handleRequest(null, Object(Config\Cache), false)
 9 FCPATH\index.php(79): CodeIgniter\CodeIgniter->run()
